  grammar.c
  libconfig.c
  scanctx.c
  scanner.c
  strbuf.c
  mt19937ar.c
  core.c
  db.c
  ers.c
  malloc.c
  mapindex.c
  nullpo.c
  plugins.c
  random.c
  showmsg.c
  socket.c
  sql.c
  strlib.c
  timer.c
  utils.c
  char.c
  int_auction.c
  int_elemental.c
  int_guild.c
  int_homun.c
  int_mail.c
  int_mercenary.c
  int_party.c
  int_pet.c
  int_quest.c
  int_storage.c
  inter.c
  char-server_sql.vcxproj -> D:\Projetos\RagnaProject\Cronus Dev\Cronus Dev\Cronus-Emulator\vcproj-10\..\char-server_sql.exe
