This file contains any messages produced by compilers while
running configure, to aid debugging if configure makes a mistake.

It was created by configure, which was
generated by GNU Autoconf 2.63.  Invocation command line was

  $ ./configure 

## --------- ##
## Platform. ##
## --------- ##

hostname = RagnaTempo
uname -m = i686
uname -r = 2.6.18-238.19.1.el5.028stab092.2
uname -s = Linux
uname -v = #1 SMP Thu Jul 21 19:23:22 MSD 2011

/usr/bin/uname -p = unknown
/bin/uname -X     = unknown

/bin/arch              = i686
/usr/bin/arch -k       = unknown
/usr/convex/getsysinfo = unknown
/usr/bin/hostinfo      = unknown
/bin/machine           = unknown
/usr/bin/oslevel       = unknown
/bin/universe          = unknown

PATH: /usr/kerberos/sbin
PATH: /usr/kerberos/bin
PATH: /usr/local/sbin
PATH: /usr/local/bin
PATH: /sbin
PATH: /bin
PATH: /usr/sbin
PATH: /usr/bin
PATH: /root/bin


## ----------- ##
## Core tests. ##
## ----------- ##

configure:2056: checking whether make sets $(MAKE)
configure:2078: result: yes
configure:2135: checking for gcc
configure:2151: found /usr/bin/gcc
configure:2162: result: gcc
configure:2394: checking for C compiler version
configure:2402: gcc --version >&5
gcc (GCC) 4.1.2 20080704 (Red Hat 4.1.2-50)
Copyright (C) 2006 Free Software Foundation, Inc.
This is free software; see the source for copying conditions.  There is NO
warranty; not even for MERCHANTABILITY or FITNESS FOR A PARTICULAR PURPOSE.

configure:2406: $? = 0
configure:2413: gcc -v >&5
Using built-in specs.
Target: i386-redhat-linux
Configured with: ../configure --prefix=/usr --mandir=/usr/share/man --infodir=/usr/share/info --enable-shared --enable-threads=posix --enable-checking=release --with-system-zlib --enable-__cxa_atexit --disable-libunwind-exceptions --enable-libgcj-multifile --enable-languages=c,c++,objc,obj-c++,java,fortran,ada --enable-java-awt=gtk --disable-dssi --disable-plugin --with-java-home=/usr/lib/jvm/java-1.4.2-gcj-1.4.2.0/jre --with-cpu=generic --host=i386-redhat-linux
Thread model: posix
gcc version 4.1.2 20080704 (Red Hat 4.1.2-50)
configure:2417: $? = 0
configure:2424: gcc -V >&5
gcc: '-V' option must have argument
configure:2428: $? = 1
configure:2451: checking for C compiler default output file name
configure:2473: gcc    conftest.c  >&5
configure:2477: $? = 0
configure:2515: result: a.out
configure:2534: checking whether the C compiler works
configure:2544: ./a.out
configure:2548: $? = 0
configure:2567: result: yes
configure:2574: checking whether we are cross compiling
configure:2576: result: no
configure:2579: checking for suffix of executables
configure:2586: gcc -o conftest    conftest.c  >&5
configure:2590: $? = 0
configure:2616: result: 
configure:2622: checking for suffix of object files
configure:2648: gcc -c   conftest.c >&5
configure:2652: $? = 0
configure:2677: result: o
configure:2681: checking whether we are using the GNU C compiler
configure:2710: gcc -c   conftest.c >&5
configure:2717: $? = 0
configure:2734: result: yes
configure:2743: checking whether gcc accepts -g
configure:2773: gcc -c -g  conftest.c >&5
configure:2780: $? = 0
configure:2881: result: yes
configure:2898: checking for gcc option to accept ISO C89
configure:2972: gcc  -c -g -O2  conftest.c >&5
configure:2979: $? = 0
configure:3002: result: none needed
configure:3025: checking how to run the C preprocessor
configure:3065: gcc -E  conftest.c
configure:3072: $? = 0
configure:3103: gcc -E  conftest.c
conftest.c:8:28: error: ac_nonexistent.h: No such file or directory
configure:3110: $? = 1
configure: failed program was:
| /* confdefs.h.  */
| #define PACKAGE_NAME ""
| #define PACKAGE_TARNAME ""
| #define PACKAGE_VERSION ""
| #define PACKAGE_STRING ""
| #define PACKAGE_BUGREPORT ""
| /* end confdefs.h.  */
| #include <ac_nonexistent.h>
configure:3143: result: gcc -E
configure:3172: gcc -E  conftest.c
configure:3179: $? = 0
configure:3210: gcc -E  conftest.c
conftest.c:8:28: error: ac_nonexistent.h: No such file or directory
configure:3217: $? = 1
configure: failed program was:
| /* confdefs.h.  */
| #define PACKAGE_NAME ""
| #define PACKAGE_TARNAME ""
| #define PACKAGE_VERSION ""
| #define PACKAGE_STRING ""
| #define PACKAGE_BUGREPORT ""
| /* end confdefs.h.  */
| #include <ac_nonexistent.h>
configure:3270: checking for grep that handles long lines and -e
configure:3330: result: /bin/grep
configure:3335: checking for egrep
configure:3399: result: /bin/grep -E
configure:3404: checking for ANSI C header files
configure:3434: gcc -c -g -O2 -pipe -ffast-math -Wall -Wno-sign-compare  -I../common conftest.c >&5
configure:3441: $? = 0
configure:3540: gcc -o conftest -g -O2 -pipe -ffast-math -Wall -Wno-sign-compare  -I../common  conftest.c  >&5
configure:3544: $? = 0
configure:3550: ./conftest
configure:3554: $? = 0
configure:3572: result: yes
configure:3596: checking for sys/types.h
configure:3617: gcc -c -g -O2 -pipe -ffast-math -Wall -Wno-sign-compare  -I../common conftest.c >&5
configure:3624: $? = 0
configure:3641: result: yes
configure:3596: checking for sys/stat.h
configure:3617: gcc -c -g -O2 -pipe -ffast-math -Wall -Wno-sign-compare  -I../common conftest.c >&5
configure:3624: $? = 0
configure:3641: result: yes
configure:3596: checking for stdlib.h
configure:3617: gcc -c -g -O2 -pipe -ffast-math -Wall -Wno-sign-compare  -I../common conftest.c >&5
configure:3624: $? = 0
configure:3641: result: yes
configure:3596: checking for string.h
configure:3617: gcc -c -g -O2 -pipe -ffast-math -Wall -Wno-sign-compare  -I../common conftest.c >&5
configure:3624: $? = 0
configure:3641: result: yes
configure:3596: checking for memory.h
configure:3617: gcc -c -g -O2 -pipe -ffast-math -Wall -Wno-sign-compare  -I../common conftest.c >&5
configure:3624: $? = 0
configure:3641: result: yes
configure:3596: checking for strings.h
configure:3617: gcc -c -g -O2 -pipe -ffast-math -Wall -Wno-sign-compare  -I../common conftest.c >&5
configure:3624: $? = 0
configure:3641: result: yes
configure:3596: checking for inttypes.h
configure:3617: gcc -c -g -O2 -pipe -ffast-math -Wall -Wno-sign-compare  -I../common conftest.c >&5
configure:3624: $? = 0
configure:3641: result: yes
configure:3596: checking for stdint.h
configure:3617: gcc -c -g -O2 -pipe -ffast-math -Wall -Wno-sign-compare  -I../common conftest.c >&5
configure:3624: $? = 0
configure:3641: result: yes
configure:3596: checking for unistd.h
configure:3617: gcc -c -g -O2 -pipe -ffast-math -Wall -Wno-sign-compare  -I../common conftest.c >&5
configure:3624: $? = 0
configure:3641: result: yes
configure:3656: checking whether byte ordering is bigendian
configure:3681: gcc -c -g -O2 -pipe -ffast-math -Wall -Wno-sign-compare  -I../common conftest.c >&5
conftest.c:19: error: expected '=', ',', ';', 'asm' or '__attribute__' before 'a'
configure:3688: $? = 1
configure: failed program was:
| /* confdefs.h.  */
| #define PACKAGE_NAME ""
| #define PACKAGE_TARNAME ""
| #define PACKAGE_VERSION ""
| #define PACKAGE_STRING ""
| #define PACKAGE_BUGREPORT ""
| #define STDC_HEADERS 1
| #define HAVE_SYS_TYPES_H 1
| #define HAVE_SYS_STAT_H 1
| #define HAVE_STDLIB_H 1
| #define HAVE_STRING_H 1
| #define HAVE_MEMORY_H 1
| #define HAVE_STRINGS_H 1
| #define HAVE_INTTYPES_H 1
| #define HAVE_STDINT_H 1
| #define HAVE_UNISTD_H 1
| /* end confdefs.h.  */
| #ifndef __APPLE_CC__
| 	       not a universal capable compiler
| 	     #endif
| 	     typedef int dummy;
| 
configure:3738: gcc -c -g -O2 -pipe -ffast-math -Wall -Wno-sign-compare  -I../common conftest.c >&5
configure:3745: $? = 0
configure:3777: gcc -c -g -O2 -pipe -ffast-math -Wall -Wno-sign-compare  -I../common conftest.c >&5
conftest.c: In function 'main':
conftest.c:25: error: 'not' undeclared (first use in this function)
conftest.c:25: error: (Each undeclared identifier is reported only once
conftest.c:25: error: for each function it appears in.)
conftest.c:25: error: expected ';' before 'big'
configure:3784: $? = 1
configure: failed program was:
| /* confdefs.h.  */
| #define PACKAGE_NAME ""
| #define PACKAGE_TARNAME ""
| #define PACKAGE_VERSION ""
| #define PACKAGE_STRING ""
| #define PACKAGE_BUGREPORT ""
| #define STDC_HEADERS 1
| #define HAVE_SYS_TYPES_H 1
| #define HAVE_SYS_STAT_H 1
| #define HAVE_STDLIB_H 1
| #define HAVE_STRING_H 1
| #define HAVE_MEMORY_H 1
| #define HAVE_STRINGS_H 1
| #define HAVE_INTTYPES_H 1
| #define HAVE_STDINT_H 1
| #define HAVE_UNISTD_H 1
| /* end confdefs.h.  */
| #include <sys/types.h>
| 		#include <sys/param.h>
| 
| int
| main ()
| {
| #if BYTE_ORDER != BIG_ENDIAN
| 		 not big endian
| 		#endif
| 
|   ;
|   return 0;
| }
configure:4036: result: no
configure:4061: checking whether pointers can be stored in ints (old code)
configure:4085: gcc -c -g -O2 -pipe -ffast-math -Wall -Wno-sign-compare  -I../common conftest.c >&5
conftest.c:18: warning: 'test_array' defined but not used
configure:4092: $? = 0
configure:4154: result: yes
configure:4164: checking whether gcc supports -Wno-unused-parameter
configure:4177: gcc -c -g -O2 -pipe -ffast-math -Wall -Wno-sign-compare -Wno-unused-parameter  -I../common conftest.c >&5
configure:4184: $? = 0
configure:4189: result: yes
configure:4206: checking whether gcc supports -Wno-pointer-sign
configure:4219: gcc -c -g -O2 -pipe -ffast-math -Wall -Wno-sign-compare -Wno-unused-parameter -Wno-pointer-sign  -I../common conftest.c >&5
configure:4226: $? = 0
configure:4231: result: yes
configure:4248: checking whether gcc supports -Wno-switch
configure:4261: gcc -c -g -O2 -pipe -ffast-math -Wall -Wno-sign-compare -Wno-unused-parameter -Wno-pointer-sign -Wno-switch  -I../common conftest.c >&5
configure:4268: $? = 0
configure:4273: result: yes
configure:4299: checking for setrlimit
configure:4355: gcc -o conftest -g -O2 -pipe -ffast-math -Wall -Wno-sign-compare -Wno-unused-parameter -Wno-pointer-sign -Wno-switch  -I../common  conftest.c  >&5
configure:4362: $? = 0
configure:4382: result: yes
configure:4873: checking for inflateEnd in -lz
configure:4908: gcc -o conftest -g -O2 -pipe -ffast-math -Wall -Wno-sign-compare -Wno-unused-parameter -Wno-pointer-sign -Wno-switch -DHAVE_SETRLIMIT -Wno-unused -Wno-parentheses  -I../common -I/usr/include  -L/usr/lib conftest.c -lz   >&5
configure:4915: $? = 0
configure:4936: result: yes
configure:4961: checking zlib.h usability
configure:4978: gcc -c -g -O2 -pipe -ffast-math -Wall -Wno-sign-compare -Wno-unused-parameter -Wno-pointer-sign -Wno-switch -DHAVE_SETRLIMIT -Wno-unused -Wno-parentheses  -I../common -I/usr/include conftest.c >&5
configure:4985: $? = 0
configure:4999: result: yes
configure:5003: checking zlib.h presence
configure:5018: gcc -E  -I../common -I/usr/include conftest.c
configure:5025: $? = 0
configure:5039: result: yes
configure:5067: checking for zlib.h
configure:5074: result: yes
configure:5093: checking for sqrt in -lm
configure:5128: gcc -o conftest -g -O2 -pipe -ffast-math -Wall -Wno-sign-compare -Wno-unused-parameter -Wno-pointer-sign -Wno-switch -DHAVE_SETRLIMIT -Wno-unused -Wno-parentheses  -I../common -I/usr/include  -L/usr/lib conftest.c -lm  -lz  >&5
conftest.c:26: warning: conflicting types for built-in function 'sqrt'
configure:5135: $? = 0
configure:5156: result: yes
configure:5177: checking for clock_gettime in -lrt
configure:5212: gcc -o conftest -g -O2 -pipe -ffast-math -Wall -Wno-sign-compare -Wno-unused-parameter -Wno-pointer-sign -Wno-switch -DHAVE_SETRLIMIT -Wno-unused -Wno-parentheses  -I../common -I/usr/include  -L/usr/lib conftest.c -lrt  -lm -lz  >&5
configure:5219: $? = 0
configure:5240: result: yes
configure:5267: checking for mysql_config
configure:5285: found /usr/bin/mysql_config
configure:5298: result: /usr/bin/mysql_config
configure:5322: checking for mysql_init in -lmysqlclient
configure:5357: gcc -o conftest -g -O2 -pipe -ffast-math -Wall -Wno-sign-compare -Wno-unused-parameter -Wno-pointer-sign -Wno-switch -DHAVE_SETRLIMIT -Wno-unused -Wno-parentheses  -I../common -I/usr/include -I/usr/include/mysql  -L/usr/lib -rdynamic -L/usr/lib/mysql -lmysqlclient -lz -lcrypt -lnsl -lm -L/usr/lib -lssl -lcrypto conftest.c -lmysqlclient  -lrt -lm -lz  >&5
configure:5364: $? = 0
configure:5385: result: yes
configure:5401: checking mysql.h usability
configure:5418: gcc -c -g -O2 -pipe -ffast-math -Wall -Wno-sign-compare -Wno-unused-parameter -Wno-pointer-sign -Wno-switch -DHAVE_SETRLIMIT -Wno-unused -Wno-parentheses  -I../common -I/usr/include -I/usr/include/mysql conftest.c >&5
configure:5425: $? = 0
configure:5439: result: yes
configure:5443: checking mysql.h presence
configure:5458: gcc -E  -I../common -I/usr/include -I/usr/include/mysql conftest.c
configure:5465: $? = 0
configure:5479: result: yes
configure:5507: checking for mysql.h
configure:5514: result: yes
configure:5528: checking MySQL library (optional)
configure:5531: result: yes (5.0.77)
configure:5568: checking for pcre_study in -lpcre
configure:5603: gcc -o conftest -g -O2 -pipe -ffast-math -Wall -Wno-sign-compare -Wno-unused-parameter -Wno-pointer-sign -Wno-switch -DHAVE_SETRLIMIT -Wno-unused -Wno-parentheses  -I../common -I/usr/include  -L/usr/lib conftest.c -lpcre  -lrt -lm -lz  >&5
configure:5610: $? = 0
configure:5631: result: yes
configure:5719: checking PCRE library (optional)
configure:5722: result: yes
configure:5746: checking host OS
configure:5749: result: Linux
configure:5774: checking for MinGW
configure:5785: result: no
configure:5931: creating ./config.status

## ---------------------- ##
## Running config.status. ##
## ---------------------- ##

This file was extended by config.status, which was
generated by GNU Autoconf 2.63.  Invocation command line was

  CONFIG_FILES    = 
  CONFIG_HEADERS  = 
  CONFIG_LINKS    = 
  CONFIG_COMMANDS = 
  $ ./config.status 

on RagnaTempo

config.status:665: creating Makefile
config.status:665: creating src/common/Makefile
config.status:665: creating src/char/Makefile
config.status:665: creating src/login/Makefile
config.status:665: creating src/ladmin/Makefile
config.status:665: creating src/char_sql/Makefile
config.status:665: creating src/txt-converter/Makefile
config.status:665: creating src/map/Makefile
config.status:665: creating src/plugins/Makefile
config.status:665: creating src/tool/Makefile

## ---------------- ##
## Cache variables. ##
## ---------------- ##

ac_cv_c_bigendian=no
ac_cv_c_compiler_gnu=yes
ac_cv_env_CC_set=
ac_cv_env_CC_value=
ac_cv_env_CFLAGS_set=
ac_cv_env_CFLAGS_value=
ac_cv_env_CPPFLAGS_set=
ac_cv_env_CPPFLAGS_value=
ac_cv_env_CPP_set=
ac_cv_env_CPP_value=
ac_cv_env_LDFLAGS_set=
ac_cv_env_LDFLAGS_value=
ac_cv_env_LIBS_set=
ac_cv_env_LIBS_value=
ac_cv_env_build_alias_set=
ac_cv_env_build_alias_value=
ac_cv_env_host_alias_set=
ac_cv_env_host_alias_value=
ac_cv_env_target_alias_set=
ac_cv_env_target_alias_value=
ac_cv_func_setrlimit=yes
ac_cv_header_inttypes_h=yes
ac_cv_header_memory_h=yes
ac_cv_header_mysql_h=yes
ac_cv_header_stdc=yes
ac_cv_header_stdint_h=yes
ac_cv_header_stdlib_h=yes
ac_cv_header_string_h=yes
ac_cv_header_strings_h=yes
ac_cv_header_sys_stat_h=yes
ac_cv_header_sys_types_h=yes
ac_cv_header_unistd_h=yes
ac_cv_header_zlib_h=yes
ac_cv_lib_m_sqrt=yes
ac_cv_lib_mysqlclient_mysql_init=yes
ac_cv_lib_pcre_pcre_study=yes
ac_cv_lib_rt_clock_gettime=yes
ac_cv_lib_z_inflateEnd=yes
ac_cv_objext=o
ac_cv_path_EGREP='/bin/grep -E'
ac_cv_path_GREP=/bin/grep
ac_cv_path_MYSQL_CONFIG_HOME=/usr/bin/mysql_config
ac_cv_prog_CPP='gcc -E'
ac_cv_prog_ac_ct_CC=gcc
ac_cv_prog_cc_c89=
ac_cv_prog_cc_g=yes
ac_cv_prog_make_make_set=yes

## ----------------- ##
## Output variables. ##
## ----------------- ##

CC='gcc'
CFLAGS='-g -O2 -pipe -ffast-math -Wall -Wno-sign-compare -Wno-unused-parameter -Wno-pointer-sign -Wno-switch -DHAVE_SETRLIMIT -Wno-unused -Wno-parentheses'
CPP='gcc -E'
CPPFLAGS=' -I../common -I/usr/include'
DEFS='-DPACKAGE_NAME=\"\" -DPACKAGE_TARNAME=\"\" -DPACKAGE_VERSION=\"\" -DPACKAGE_STRING=\"\" -DPACKAGE_BUGREPORT=\"\" -DSTDC_HEADERS=1 -DHAVE_SYS_TYPES_H=1 -DHAVE_SYS_STAT_H=1 -DHAVE_STDLIB_H=1 -DHAVE_STRING_H=1 -DHAVE_MEMORY_H=1 -DHAVE_STRINGS_H=1 -DHAVE_INTTYPES_H=1 -DHAVE_STDINT_H=1 -DHAVE_UNISTD_H=1 -DHAVE_LIBZ=1 -DHAVE_LIBM=1 -DHAVE_LIBRT=1'
DLLEXT='.so'
ECHO_C=''
ECHO_N='-n'
ECHO_T=''
EGREP='/bin/grep -E'
EXEEXT=''
GREP='/bin/grep'
HAVE_MYSQL='yes'
HAVE_PCRE='yes'
LDFLAGS=' -L/usr/lib'
LIBOBJS=''
LIBS='-lrt -lm -lz  -ldl'
LTLIBOBJS=''
MYSQL_CFLAGS='-I/usr/include/mysql'
MYSQL_CONFIG_HOME='/usr/bin/mysql_config'
MYSQL_LIBS='-rdynamic -L/usr/lib/mysql -lmysqlclient -lz -lcrypt -lnsl -lm -L/usr/lib -lssl -lcrypto'
MYSQL_VERSION='5.0.77'
OBJEXT='o'
PACKAGE_BUGREPORT=''
PACKAGE_NAME=''
PACKAGE_STRING=''
PACKAGE_TARNAME=''
PACKAGE_VERSION=''
PATH_SEPARATOR=':'
PCRE_CFLAGS=''
PCRE_LIBS='-lpcre'
SET_MAKE=''
SHELL='/bin/sh'
ac_ct_CC='gcc'
bindir='${exec_prefix}/bin'
build_alias=''
datadir='${datarootdir}'
datarootdir='${prefix}/share'
docdir='${datarootdir}/doc/${PACKAGE}'
dvidir='${docdir}'
exec_prefix='${prefix}'
host_alias=''
htmldir='${docdir}'
includedir='${prefix}/include'
infodir='${datarootdir}/info'
libdir='${exec_prefix}/lib'
libexecdir='${exec_prefix}/libexec'
localedir='${datarootdir}/locale'
localstatedir='${prefix}/var'
mandir='${datarootdir}/man'
oldincludedir='/usr/include'
pdfdir='${docdir}'
prefix='/usr/local'
program_transform_name='s,x,x,'
psdir='${docdir}'
sbindir='${exec_prefix}/sbin'
sharedstatedir='${prefix}/com'
sysconfdir='${prefix}/etc'
target_alias=''

## ----------- ##
## confdefs.h. ##
## ----------- ##

#define PACKAGE_NAME ""
#define PACKAGE_TARNAME ""
#define PACKAGE_VERSION ""
#define PACKAGE_STRING ""
#define PACKAGE_BUGREPORT ""
#define STDC_HEADERS 1
#define HAVE_SYS_TYPES_H 1
#define HAVE_SYS_STAT_H 1
#define HAVE_STDLIB_H 1
#define HAVE_STRING_H 1
#define HAVE_MEMORY_H 1
#define HAVE_STRINGS_H 1
#define HAVE_INTTYPES_H 1
#define HAVE_STDINT_H 1
#define HAVE_UNISTD_H 1
#define HAVE_LIBZ 1
#define HAVE_LIBM 1
#define HAVE_LIBRT 1

configure: exit 0
