..\map-server_sql.ilk
..\map-server_sql.pdb
D:\PROJETOS\RAGNAPROJECT\CRONUS DEV\CRONUS DEV\CRONUS-EMULATOR\MAP-SERVER_SQL.EXE
D:\PROJETOS\RAGNAPROJECT\CRONUS DEV\CRONUS DEV\CRONUS-EMULATOR\MAP-SERVER_SQL.ILK
D:\PROJETOS\RAGNAPROJECT\CRONUS DEV\CRONUS DEV\CRONUS-EMULATOR\MAP-SERVER_SQL.PDB
D:\Projetos\RagnaProject\Cronus Dev\Cronus Dev\Cronus-Emulator\vcproj-10\..\map-server_sql.exe
D:\Projetos\RagnaProject\Cronus Dev\Cronus Dev\Cronus-Emulator\vcproj-10\map-server_sql\Debug\atcommand.obj
D:\Projetos\RagnaProject\Cronus Dev\Cronus Dev\Cronus-Emulator\vcproj-10\map-server_sql\Debug\battle.obj
D:\Projetos\RagnaProject\Cronus Dev\Cronus Dev\Cronus-Emulator\vcproj-10\map-server_sql\Debug\battleground.obj
D:\Projetos\RagnaProject\Cronus Dev\Cronus Dev\Cronus-Emulator\vcproj-10\map-server_sql\Debug\buyingstore.obj
D:\Projetos\RagnaProject\Cronus Dev\Cronus Dev\Cronus-Emulator\vcproj-10\map-server_sql\Debug\chat.obj
D:\Projetos\RagnaProject\Cronus Dev\Cronus Dev\Cronus-Emulator\vcproj-10\map-server_sql\Debug\chrif.obj
D:\Projetos\RagnaProject\Cronus Dev\Cronus Dev\Cronus-Emulator\vcproj-10\map-server_sql\Debug\CL.1120.read.1.tlog
D:\Projetos\RagnaProject\Cronus Dev\Cronus Dev\Cronus-Emulator\vcproj-10\map-server_sql\Debug\CL.1120.write.1.tlog
D:\Projetos\RagnaProject\Cronus Dev\Cronus Dev\Cronus-Emulator\vcproj-10\map-server_sql\Debug\CL.2772.read.1.tlog
D:\Projetos\RagnaProject\Cronus Dev\Cronus Dev\Cronus-Emulator\vcproj-10\map-server_sql\Debug\CL.2772.write.1.tlog
D:\Projetos\RagnaProject\Cronus Dev\Cronus Dev\Cronus-Emulator\vcproj-10\map-server_sql\Debug\CL.6472.read.1.tlog
D:\Projetos\RagnaProject\Cronus Dev\Cronus Dev\Cronus-Emulator\vcproj-10\map-server_sql\Debug\CL.6472.write.1.tlog
D:\Projetos\RagnaProject\Cronus Dev\Cronus Dev\Cronus-Emulator\vcproj-10\map-server_sql\Debug\CL.6584.read.1.tlog
D:\Projetos\RagnaProject\Cronus Dev\Cronus Dev\Cronus-Emulator\vcproj-10\map-server_sql\Debug\CL.6584.write.1.tlog
D:\Projetos\RagnaProject\Cronus Dev\Cronus Dev\Cronus-Emulator\vcproj-10\map-server_sql\Debug\cl.command.1.tlog
D:\Projetos\RagnaProject\Cronus Dev\Cronus Dev\Cronus-Emulator\vcproj-10\map-server_sql\Debug\CL.read.1.tlog
D:\Projetos\RagnaProject\Cronus Dev\Cronus Dev\Cronus-Emulator\vcproj-10\map-server_sql\Debug\cl.write.1.tlog
D:\Projetos\RagnaProject\Cronus Dev\Cronus Dev\Cronus-Emulator\vcproj-10\map-server_sql\Debug\clif.obj
D:\Projetos\RagnaProject\Cronus Dev\Cronus Dev\Cronus-Emulator\vcproj-10\map-server_sql\Debug\conf.obj
D:\Projetos\RagnaProject\Cronus Dev\Cronus Dev\Cronus-Emulator\vcproj-10\map-server_sql\Debug\core.obj
D:\Projetos\RagnaProject\Cronus Dev\Cronus Dev\Cronus-Emulator\vcproj-10\map-server_sql\Debug\date.obj
D:\Projetos\RagnaProject\Cronus Dev\Cronus Dev\Cronus-Emulator\vcproj-10\map-server_sql\Debug\db.obj
D:\Projetos\RagnaProject\Cronus Dev\Cronus Dev\Cronus-Emulator\vcproj-10\map-server_sql\Debug\des.obj
D:\Projetos\RagnaProject\Cronus Dev\Cronus Dev\Cronus-Emulator\vcproj-10\map-server_sql\Debug\duel.obj
D:\Projetos\RagnaProject\Cronus Dev\Cronus Dev\Cronus-Emulator\vcproj-10\map-server_sql\Debug\elemental.obj
D:\Projetos\RagnaProject\Cronus Dev\Cronus Dev\Cronus-Emulator\vcproj-10\map-server_sql\Debug\ers.obj
D:\Projetos\RagnaProject\Cronus Dev\Cronus Dev\Cronus-Emulator\vcproj-10\map-server_sql\Debug\grammar.obj
D:\Projetos\RagnaProject\Cronus Dev\Cronus Dev\Cronus-Emulator\vcproj-10\map-server_sql\Debug\grfio.obj
D:\Projetos\RagnaProject\Cronus Dev\Cronus Dev\Cronus-Emulator\vcproj-10\map-server_sql\Debug\guild.obj
D:\Projetos\RagnaProject\Cronus Dev\Cronus Dev\Cronus-Emulator\vcproj-10\map-server_sql\Debug\homunculus.obj
D:\Projetos\RagnaProject\Cronus Dev\Cronus Dev\Cronus-Emulator\vcproj-10\map-server_sql\Debug\instance.obj
D:\Projetos\RagnaProject\Cronus Dev\Cronus Dev\Cronus-Emulator\vcproj-10\map-server_sql\Debug\intif.obj
D:\Projetos\RagnaProject\Cronus Dev\Cronus Dev\Cronus-Emulator\vcproj-10\map-server_sql\Debug\itemdb.obj
D:\Projetos\RagnaProject\Cronus Dev\Cronus Dev\Cronus-Emulator\vcproj-10\map-server_sql\Debug\libconfig.obj
D:\Projetos\RagnaProject\Cronus Dev\Cronus Dev\Cronus-Emulator\vcproj-10\map-server_sql\Debug\link.6148.read.1.tlog
D:\Projetos\RagnaProject\Cronus Dev\Cronus Dev\Cronus-Emulator\vcproj-10\map-server_sql\Debug\link.6148.write.1.tlog
D:\Projetos\RagnaProject\Cronus Dev\Cronus Dev\Cronus-Emulator\vcproj-10\map-server_sql\Debug\link.6148-cvtres.read.1.tlog
D:\Projetos\RagnaProject\Cronus Dev\Cronus Dev\Cronus-Emulator\vcproj-10\map-server_sql\Debug\link.6148-cvtres.write.1.tlog
D:\Projetos\RagnaProject\Cronus Dev\Cronus Dev\Cronus-Emulator\vcproj-10\map-server_sql\Debug\link.command.1.tlog
D:\Projetos\RagnaProject\Cronus Dev\Cronus Dev\Cronus-Emulator\vcproj-10\map-server_sql\Debug\link.read.1.tlog
D:\Projetos\RagnaProject\Cronus Dev\Cronus Dev\Cronus-Emulator\vcproj-10\map-server_sql\Debug\link.write.1.tlog
D:\Projetos\RagnaProject\Cronus Dev\Cronus Dev\Cronus-Emulator\vcproj-10\map-server_sql\Debug\link-cvtres.read.1.tlog
D:\Projetos\RagnaProject\Cronus Dev\Cronus Dev\Cronus-Emulator\vcproj-10\map-server_sql\Debug\link-cvtres.write.1.tlog
D:\Projetos\RagnaProject\Cronus Dev\Cronus Dev\Cronus-Emulator\vcproj-10\map-server_sql\Debug\log.obj
D:\Projetos\RagnaProject\Cronus Dev\Cronus Dev\Cronus-Emulator\vcproj-10\map-server_sql\Debug\mail.obj
D:\Projetos\RagnaProject\Cronus Dev\Cronus Dev\Cronus-Emulator\vcproj-10\map-server_sql\Debug\malloc.obj
D:\Projetos\RagnaProject\Cronus Dev\Cronus Dev\Cronus-Emulator\vcproj-10\map-server_sql\Debug\map.obj
D:\Projetos\RagnaProject\Cronus Dev\Cronus Dev\Cronus-Emulator\vcproj-10\map-server_sql\Debug\mapindex.obj
D:\Projetos\RagnaProject\Cronus Dev\Cronus Dev\Cronus-Emulator\vcproj-10\map-server_sql\Debug\mapreg_sql.obj
D:\PROJETOS\RAGNAPROJECT\CRONUS DEV\CRONUS DEV\CRONUS-EMULATOR\VCPROJ-10\MAP-SERVER_SQL\DEBUG\MAP-SERVER_SQL.EXE.EMBED.MANIFEST
D:\PROJETOS\RAGNAPROJECT\CRONUS DEV\CRONUS DEV\CRONUS-EMULATOR\VCPROJ-10\MAP-SERVER_SQL\DEBUG\MAP-SERVER_SQL.EXE.EMBED.MANIFEST.RES
D:\PROJETOS\RAGNAPROJECT\CRONUS DEV\CRONUS DEV\CRONUS-EMULATOR\VCPROJ-10\MAP-SERVER_SQL\DEBUG\MAP-SERVER_SQL.EXE.INTERMEDIATE.MANIFEST
D:\Projetos\RagnaProject\Cronus Dev\Cronus Dev\Cronus-Emulator\vcproj-10\map-server_sql\Debug\map-server_sql_manifest.rc
D:\Projetos\RagnaProject\Cronus Dev\Cronus Dev\Cronus-Emulator\vcproj-10\map-server_sql\Debug\md5calc.obj
D:\Projetos\RagnaProject\Cronus Dev\Cronus Dev\Cronus-Emulator\vcproj-10\map-server_sql\Debug\mercenary.obj
D:\Projetos\RagnaProject\Cronus Dev\Cronus Dev\Cronus-Emulator\vcproj-10\map-server_sql\Debug\mob.obj
D:\Projetos\RagnaProject\Cronus Dev\Cronus Dev\Cronus-Emulator\vcproj-10\map-server_sql\Debug\mt.command.1.tlog
D:\Projetos\RagnaProject\Cronus Dev\Cronus Dev\Cronus-Emulator\vcproj-10\map-server_sql\Debug\mt.read.1.tlog
D:\Projetos\RagnaProject\Cronus Dev\Cronus Dev\Cronus-Emulator\vcproj-10\map-server_sql\Debug\mt.write.1.tlog
D:\Projetos\RagnaProject\Cronus Dev\Cronus Dev\Cronus-Emulator\vcproj-10\map-server_sql\Debug\mt19937ar.obj
D:\Projetos\RagnaProject\Cronus Dev\Cronus Dev\Cronus-Emulator\vcproj-10\map-server_sql\Debug\npc.obj
D:\Projetos\RagnaProject\Cronus Dev\Cronus Dev\Cronus-Emulator\vcproj-10\map-server_sql\Debug\npc_chat.obj
D:\Projetos\RagnaProject\Cronus Dev\Cronus Dev\Cronus-Emulator\vcproj-10\map-server_sql\Debug\nullpo.obj
D:\Projetos\RagnaProject\Cronus Dev\Cronus Dev\Cronus-Emulator\vcproj-10\map-server_sql\Debug\party.obj
D:\Projetos\RagnaProject\Cronus Dev\Cronus Dev\Cronus-Emulator\vcproj-10\map-server_sql\Debug\path.obj
D:\Projetos\RagnaProject\Cronus Dev\Cronus Dev\Cronus-Emulator\vcproj-10\map-server_sql\Debug\pc.obj
D:\Projetos\RagnaProject\Cronus Dev\Cronus Dev\Cronus-Emulator\vcproj-10\map-server_sql\Debug\pc_groups.obj
D:\Projetos\RagnaProject\Cronus Dev\Cronus Dev\Cronus-Emulator\vcproj-10\map-server_sql\Debug\pet.obj
D:\Projetos\RagnaProject\Cronus Dev\Cronus Dev\Cronus-Emulator\vcproj-10\map-server_sql\Debug\plugins.obj
D:\Projetos\RagnaProject\Cronus Dev\Cronus Dev\Cronus-Emulator\vcproj-10\map-server_sql\Debug\quest.obj
D:\Projetos\RagnaProject\Cronus Dev\Cronus Dev\Cronus-Emulator\vcproj-10\map-server_sql\Debug\random.obj
D:\Projetos\RagnaProject\Cronus Dev\Cronus Dev\Cronus-Emulator\vcproj-10\map-server_sql\Debug\rc.command.1.tlog
D:\Projetos\RagnaProject\Cronus Dev\Cronus Dev\Cronus-Emulator\vcproj-10\map-server_sql\Debug\rc.read.1.tlog
D:\Projetos\RagnaProject\Cronus Dev\Cronus Dev\Cronus-Emulator\vcproj-10\map-server_sql\Debug\rc.write.1.tlog
D:\Projetos\RagnaProject\Cronus Dev\Cronus Dev\Cronus-Emulator\vcproj-10\map-server_sql\Debug\scanctx.obj
D:\Projetos\RagnaProject\Cronus Dev\Cronus Dev\Cronus-Emulator\vcproj-10\map-server_sql\Debug\scanner.obj
D:\Projetos\RagnaProject\Cronus Dev\Cronus Dev\Cronus-Emulator\vcproj-10\map-server_sql\Debug\script.obj
D:\Projetos\RagnaProject\Cronus Dev\Cronus Dev\Cronus-Emulator\vcproj-10\map-server_sql\Debug\searchstore.obj
D:\Projetos\RagnaProject\Cronus Dev\Cronus Dev\Cronus-Emulator\vcproj-10\map-server_sql\Debug\showmsg.obj
D:\Projetos\RagnaProject\Cronus Dev\Cronus Dev\Cronus-Emulator\vcproj-10\map-server_sql\Debug\skill.obj
D:\Projetos\RagnaProject\Cronus Dev\Cronus Dev\Cronus-Emulator\vcproj-10\map-server_sql\Debug\socket.obj
D:\Projetos\RagnaProject\Cronus Dev\Cronus Dev\Cronus-Emulator\vcproj-10\map-server_sql\Debug\sql.obj
D:\Projetos\RagnaProject\Cronus Dev\Cronus Dev\Cronus-Emulator\vcproj-10\map-server_sql\Debug\status.obj
D:\Projetos\RagnaProject\Cronus Dev\Cronus Dev\Cronus-Emulator\vcproj-10\map-server_sql\Debug\storage.obj
D:\Projetos\RagnaProject\Cronus Dev\Cronus Dev\Cronus-Emulator\vcproj-10\map-server_sql\Debug\strbuf.obj
D:\Projetos\RagnaProject\Cronus Dev\Cronus Dev\Cronus-Emulator\vcproj-10\map-server_sql\Debug\strlib.obj
D:\Projetos\RagnaProject\Cronus Dev\Cronus Dev\Cronus-Emulator\vcproj-10\map-server_sql\Debug\timer.obj
D:\Projetos\RagnaProject\Cronus Dev\Cronus Dev\Cronus-Emulator\vcproj-10\map-server_sql\Debug\trade.obj
D:\Projetos\RagnaProject\Cronus Dev\Cronus Dev\Cronus-Emulator\vcproj-10\map-server_sql\Debug\unit.obj
D:\Projetos\RagnaProject\Cronus Dev\Cronus Dev\Cronus-Emulator\vcproj-10\map-server_sql\Debug\utils.obj
D:\Projetos\RagnaProject\Cronus Dev\Cronus Dev\Cronus-Emulator\vcproj-10\map-server_sql\Debug\vc100.idb
D:\PROJETOS\RAGNAPROJECT\CRONUS DEV\CRONUS DEV\CRONUS-EMULATOR\VCPROJ-10\MAP-SERVER_SQL\DEBUG\VC100.PDB
D:\Projetos\RagnaProject\Cronus Dev\Cronus Dev\Cronus-Emulator\vcproj-10\map-server_sql\Debug\vending.obj
