  grammar.c
  libconfig.c
  scanctx.c
  scanner.c
  strbuf.c
  mt19937ar.c
  conf.c
  core.c
  db.c
  des.c
  ers.c
  grfio.c
  malloc.c
  mapindex.c
  md5calc.c
  nullpo.c
  plugins.c
  random.c
  showmsg.c
  socket.c
  sql.c
  strlib.c
  timer.c
  utils.c
  atcommand.c
  battle.c
  battleground.c
  buyingstore.c
  chat.c
  chrif.c
  clif.c
  date.c
  duel.c
  elemental.c
  guild.c
  intif.c
  itemdb.c
  log.c
  mail.c
  map.c
  mapreg_sql.c
  homunculus.c
  instance.c
  mercenary.c
  mob.c
  npc.c
  npc_chat.c
  party.c
  path.c
  pc.c
  pc_groups.c
  pet.c
  quest.c
  script.c
  searchstore.c
  skill.c
  status.c
  storage.c
  trade.c
  unit.c
  vending.c
  map-server_sql.vcxproj -> D:\Projetos\RagnaProject\Cronus Dev\Cronus Dev\Cronus-Emulator\vcproj-10\..\map-server_sql.exe
