..\login-server_sql.ilk
..\login-server_sql.pdb
D:\PROJETOS\RAGNAPROJECT\CRONUS DEV\CRONUS DEV\CRONUS-EMULATOR\LOGIN-SERVER_SQL.EXE
D:\PROJETOS\RAGNAPROJECT\CRONUS DEV\CRONUS DEV\CRONUS-EMULATOR\LOGIN-SERVER_SQL.ILK
D:\PROJETOS\RAGNAPROJECT\CRONUS DEV\CRONUS DEV\CRONUS-EMULATOR\LOGIN-SERVER_SQL.PDB
D:\Projetos\RagnaProject\Cronus Dev\Cronus Dev\Cronus-Emulator\vcproj-10\..\login-server_sql.exe
D:\Projetos\RagnaProject\Cronus Dev\Cronus Dev\Cronus-Emulator\vcproj-10\login-server_sql\Debug\account_sql.obj
D:\Projetos\RagnaProject\Cronus Dev\Cronus Dev\Cronus-Emulator\vcproj-10\login-server_sql\Debug\CL.4252.read.1.tlog
D:\Projetos\RagnaProject\Cronus Dev\Cronus Dev\Cronus-Emulator\vcproj-10\login-server_sql\Debug\CL.4252.write.1.tlog
D:\Projetos\RagnaProject\Cronus Dev\Cronus Dev\Cronus-Emulator\vcproj-10\login-server_sql\Debug\CL.6200.read.1.tlog
D:\Projetos\RagnaProject\Cronus Dev\Cronus Dev\Cronus-Emulator\vcproj-10\login-server_sql\Debug\CL.6200.write.1.tlog
D:\Projetos\RagnaProject\Cronus Dev\Cronus Dev\Cronus-Emulator\vcproj-10\login-server_sql\Debug\CL.6476.read.1.tlog
D:\Projetos\RagnaProject\Cronus Dev\Cronus Dev\Cronus-Emulator\vcproj-10\login-server_sql\Debug\CL.6476.write.1.tlog
D:\Projetos\RagnaProject\Cronus Dev\Cronus Dev\Cronus-Emulator\vcproj-10\login-server_sql\Debug\CL.6572.read.1.tlog
D:\Projetos\RagnaProject\Cronus Dev\Cronus Dev\Cronus-Emulator\vcproj-10\login-server_sql\Debug\CL.6572.write.1.tlog
D:\Projetos\RagnaProject\Cronus Dev\Cronus Dev\Cronus-Emulator\vcproj-10\login-server_sql\Debug\cl.command.1.tlog
D:\Projetos\RagnaProject\Cronus Dev\Cronus Dev\Cronus-Emulator\vcproj-10\login-server_sql\Debug\CL.read.1.tlog
D:\Projetos\RagnaProject\Cronus Dev\Cronus Dev\Cronus-Emulator\vcproj-10\login-server_sql\Debug\cl.write.1.tlog
D:\Projetos\RagnaProject\Cronus Dev\Cronus Dev\Cronus-Emulator\vcproj-10\login-server_sql\Debug\core.obj
D:\Projetos\RagnaProject\Cronus Dev\Cronus Dev\Cronus-Emulator\vcproj-10\login-server_sql\Debug\db.obj
D:\Projetos\RagnaProject\Cronus Dev\Cronus Dev\Cronus-Emulator\vcproj-10\login-server_sql\Debug\ers.obj
D:\Projetos\RagnaProject\Cronus Dev\Cronus Dev\Cronus-Emulator\vcproj-10\login-server_sql\Debug\grammar.obj
D:\Projetos\RagnaProject\Cronus Dev\Cronus Dev\Cronus-Emulator\vcproj-10\login-server_sql\Debug\ipban_sql.obj
D:\Projetos\RagnaProject\Cronus Dev\Cronus Dev\Cronus-Emulator\vcproj-10\login-server_sql\Debug\libconfig.obj
D:\Projetos\RagnaProject\Cronus Dev\Cronus Dev\Cronus-Emulator\vcproj-10\login-server_sql\Debug\link.5808.read.1.tlog
D:\Projetos\RagnaProject\Cronus Dev\Cronus Dev\Cronus-Emulator\vcproj-10\login-server_sql\Debug\link.5808.write.1.tlog
D:\Projetos\RagnaProject\Cronus Dev\Cronus Dev\Cronus-Emulator\vcproj-10\login-server_sql\Debug\link.5808-cvtres.read.1.tlog
D:\Projetos\RagnaProject\Cronus Dev\Cronus Dev\Cronus-Emulator\vcproj-10\login-server_sql\Debug\link.5808-cvtres.write.1.tlog
D:\Projetos\RagnaProject\Cronus Dev\Cronus Dev\Cronus-Emulator\vcproj-10\login-server_sql\Debug\link.command.1.tlog
D:\Projetos\RagnaProject\Cronus Dev\Cronus Dev\Cronus-Emulator\vcproj-10\login-server_sql\Debug\link.read.1.tlog
D:\Projetos\RagnaProject\Cronus Dev\Cronus Dev\Cronus-Emulator\vcproj-10\login-server_sql\Debug\link.write.1.tlog
D:\Projetos\RagnaProject\Cronus Dev\Cronus Dev\Cronus-Emulator\vcproj-10\login-server_sql\Debug\link-cvtres.read.1.tlog
D:\Projetos\RagnaProject\Cronus Dev\Cronus Dev\Cronus-Emulator\vcproj-10\login-server_sql\Debug\link-cvtres.write.1.tlog
D:\Projetos\RagnaProject\Cronus Dev\Cronus Dev\Cronus-Emulator\vcproj-10\login-server_sql\Debug\login.obj
D:\Projetos\RagnaProject\Cronus Dev\Cronus Dev\Cronus-Emulator\vcproj-10\login-server_sql\Debug\loginlog_sql.obj
D:\PROJETOS\RAGNAPROJECT\CRONUS DEV\CRONUS DEV\CRONUS-EMULATOR\VCPROJ-10\LOGIN-SERVER_SQL\DEBUG\LOGIN-SERVER_SQL.EXE.EMBED.MANIFEST
D:\PROJETOS\RAGNAPROJECT\CRONUS DEV\CRONUS DEV\CRONUS-EMULATOR\VCPROJ-10\LOGIN-SERVER_SQL\DEBUG\LOGIN-SERVER_SQL.EXE.EMBED.MANIFEST.RES
D:\PROJETOS\RAGNAPROJECT\CRONUS DEV\CRONUS DEV\CRONUS-EMULATOR\VCPROJ-10\LOGIN-SERVER_SQL\DEBUG\LOGIN-SERVER_SQL.EXE.INTERMEDIATE.MANIFEST
D:\Projetos\RagnaProject\Cronus Dev\Cronus Dev\Cronus-Emulator\vcproj-10\login-server_sql\Debug\login-server_sql_manifest.rc
D:\Projetos\RagnaProject\Cronus Dev\Cronus Dev\Cronus-Emulator\vcproj-10\login-server_sql\Debug\malloc.obj
D:\Projetos\RagnaProject\Cronus Dev\Cronus Dev\Cronus-Emulator\vcproj-10\login-server_sql\Debug\md5calc.obj
D:\Projetos\RagnaProject\Cronus Dev\Cronus Dev\Cronus-Emulator\vcproj-10\login-server_sql\Debug\mt.command.1.tlog
D:\Projetos\RagnaProject\Cronus Dev\Cronus Dev\Cronus-Emulator\vcproj-10\login-server_sql\Debug\mt.read.1.tlog
D:\Projetos\RagnaProject\Cronus Dev\Cronus Dev\Cronus-Emulator\vcproj-10\login-server_sql\Debug\mt.write.1.tlog
D:\Projetos\RagnaProject\Cronus Dev\Cronus Dev\Cronus-Emulator\vcproj-10\login-server_sql\Debug\mt19937ar.obj
D:\Projetos\RagnaProject\Cronus Dev\Cronus Dev\Cronus-Emulator\vcproj-10\login-server_sql\Debug\nullpo.obj
D:\Projetos\RagnaProject\Cronus Dev\Cronus Dev\Cronus-Emulator\vcproj-10\login-server_sql\Debug\plugins.obj
D:\Projetos\RagnaProject\Cronus Dev\Cronus Dev\Cronus-Emulator\vcproj-10\login-server_sql\Debug\random.obj
D:\Projetos\RagnaProject\Cronus Dev\Cronus Dev\Cronus-Emulator\vcproj-10\login-server_sql\Debug\rc.command.1.tlog
D:\Projetos\RagnaProject\Cronus Dev\Cronus Dev\Cronus-Emulator\vcproj-10\login-server_sql\Debug\rc.read.1.tlog
D:\Projetos\RagnaProject\Cronus Dev\Cronus Dev\Cronus-Emulator\vcproj-10\login-server_sql\Debug\rc.write.1.tlog
D:\Projetos\RagnaProject\Cronus Dev\Cronus Dev\Cronus-Emulator\vcproj-10\login-server_sql\Debug\scanctx.obj
D:\Projetos\RagnaProject\Cronus Dev\Cronus Dev\Cronus-Emulator\vcproj-10\login-server_sql\Debug\scanner.obj
D:\Projetos\RagnaProject\Cronus Dev\Cronus Dev\Cronus-Emulator\vcproj-10\login-server_sql\Debug\showmsg.obj
D:\Projetos\RagnaProject\Cronus Dev\Cronus Dev\Cronus-Emulator\vcproj-10\login-server_sql\Debug\socket.obj
D:\Projetos\RagnaProject\Cronus Dev\Cronus Dev\Cronus-Emulator\vcproj-10\login-server_sql\Debug\sql.obj
D:\Projetos\RagnaProject\Cronus Dev\Cronus Dev\Cronus-Emulator\vcproj-10\login-server_sql\Debug\strbuf.obj
D:\Projetos\RagnaProject\Cronus Dev\Cronus Dev\Cronus-Emulator\vcproj-10\login-server_sql\Debug\strlib.obj
D:\Projetos\RagnaProject\Cronus Dev\Cronus Dev\Cronus-Emulator\vcproj-10\login-server_sql\Debug\timer.obj
D:\Projetos\RagnaProject\Cronus Dev\Cronus Dev\Cronus-Emulator\vcproj-10\login-server_sql\Debug\utils.obj
D:\Projetos\RagnaProject\Cronus Dev\Cronus Dev\Cronus-Emulator\vcproj-10\login-server_sql\Debug\vc100.idb
D:\PROJETOS\RAGNAPROJECT\CRONUS DEV\CRONUS DEV\CRONUS-EMULATOR\VCPROJ-10\LOGIN-SERVER_SQL\DEBUG\VC100.PDB
