..\mapcache.ilk
..\mapcache.pdb
D:\PROJETOS\RAGNAPROJECT\CRONUS DEV\CRONUS DEV\CRONUS-EMULATOR\MAPCACHE.EXE
D:\PROJETOS\RAGNAPROJECT\CRONUS DEV\CRONUS DEV\CRONUS-EMULATOR\MAPCACHE.ILK
D:\PROJETOS\RAGNAPROJECT\CRONUS DEV\CRONUS DEV\CRONUS-EMULATOR\MAPCACHE.PDB
D:\Projetos\RagnaProject\Cronus Dev\Cronus Dev\Cronus-Emulator\vcproj-10\..\mapcache.exe
D:\Projetos\RagnaProject\Cronus Dev\Cronus Dev\Cronus-Emulator\vcproj-10\mapcache\Debug\CL.2752.read.1.tlog
D:\Projetos\RagnaProject\Cronus Dev\Cronus Dev\Cronus-Emulator\vcproj-10\mapcache\Debug\CL.2752.write.1.tlog
D:\Projetos\RagnaProject\Cronus Dev\Cronus Dev\Cronus-Emulator\vcproj-10\mapcache\Debug\CL.3520.read.1.tlog
D:\Projetos\RagnaProject\Cronus Dev\Cronus Dev\Cronus-Emulator\vcproj-10\mapcache\Debug\CL.3520.write.1.tlog
D:\Projetos\RagnaProject\Cronus Dev\Cronus Dev\Cronus-Emulator\vcproj-10\mapcache\Debug\CL.5316.read.1.tlog
D:\Projetos\RagnaProject\Cronus Dev\Cronus Dev\Cronus-Emulator\vcproj-10\mapcache\Debug\CL.5316.write.1.tlog
D:\Projetos\RagnaProject\Cronus Dev\Cronus Dev\Cronus-Emulator\vcproj-10\mapcache\Debug\CL.6052.read.1.tlog
D:\Projetos\RagnaProject\Cronus Dev\Cronus Dev\Cronus-Emulator\vcproj-10\mapcache\Debug\CL.6052.write.1.tlog
D:\Projetos\RagnaProject\Cronus Dev\Cronus Dev\Cronus-Emulator\vcproj-10\mapcache\Debug\cl.command.1.tlog
D:\Projetos\RagnaProject\Cronus Dev\Cronus Dev\Cronus-Emulator\vcproj-10\mapcache\Debug\CL.read.1.tlog
D:\Projetos\RagnaProject\Cronus Dev\Cronus Dev\Cronus-Emulator\vcproj-10\mapcache\Debug\cl.write.1.tlog
D:\Projetos\RagnaProject\Cronus Dev\Cronus Dev\Cronus-Emulator\vcproj-10\mapcache\Debug\core.obj
D:\Projetos\RagnaProject\Cronus Dev\Cronus Dev\Cronus-Emulator\vcproj-10\mapcache\Debug\des.obj
D:\Projetos\RagnaProject\Cronus Dev\Cronus Dev\Cronus-Emulator\vcproj-10\mapcache\Debug\grfio.obj
D:\Projetos\RagnaProject\Cronus Dev\Cronus Dev\Cronus-Emulator\vcproj-10\mapcache\Debug\link.4880.read.1.tlog
D:\Projetos\RagnaProject\Cronus Dev\Cronus Dev\Cronus-Emulator\vcproj-10\mapcache\Debug\link.4880.write.1.tlog
D:\Projetos\RagnaProject\Cronus Dev\Cronus Dev\Cronus-Emulator\vcproj-10\mapcache\Debug\link.4880-cvtres.read.1.tlog
D:\Projetos\RagnaProject\Cronus Dev\Cronus Dev\Cronus-Emulator\vcproj-10\mapcache\Debug\link.4880-cvtres.write.1.tlog
D:\Projetos\RagnaProject\Cronus Dev\Cronus Dev\Cronus-Emulator\vcproj-10\mapcache\Debug\link.command.1.tlog
D:\Projetos\RagnaProject\Cronus Dev\Cronus Dev\Cronus-Emulator\vcproj-10\mapcache\Debug\link.read.1.tlog
D:\Projetos\RagnaProject\Cronus Dev\Cronus Dev\Cronus-Emulator\vcproj-10\mapcache\Debug\link.write.1.tlog
D:\Projetos\RagnaProject\Cronus Dev\Cronus Dev\Cronus-Emulator\vcproj-10\mapcache\Debug\link-cvtres.read.1.tlog
D:\Projetos\RagnaProject\Cronus Dev\Cronus Dev\Cronus-Emulator\vcproj-10\mapcache\Debug\link-cvtres.write.1.tlog
D:\Projetos\RagnaProject\Cronus Dev\Cronus Dev\Cronus-Emulator\vcproj-10\mapcache\Debug\malloc.obj
D:\PROJETOS\RAGNAPROJECT\CRONUS DEV\CRONUS DEV\CRONUS-EMULATOR\VCPROJ-10\MAPCACHE\DEBUG\MAPCACHE.EXE.EMBED.MANIFEST
D:\PROJETOS\RAGNAPROJECT\CRONUS DEV\CRONUS DEV\CRONUS-EMULATOR\VCPROJ-10\MAPCACHE\DEBUG\MAPCACHE.EXE.EMBED.MANIFEST.RES
D:\PROJETOS\RAGNAPROJECT\CRONUS DEV\CRONUS DEV\CRONUS-EMULATOR\VCPROJ-10\MAPCACHE\DEBUG\MAPCACHE.EXE.INTERMEDIATE.MANIFEST
D:\Projetos\RagnaProject\Cronus Dev\Cronus Dev\Cronus-Emulator\vcproj-10\mapcache\Debug\mapcache.obj
D:\Projetos\RagnaProject\Cronus Dev\Cronus Dev\Cronus-Emulator\vcproj-10\mapcache\Debug\mapcache_manifest.rc
D:\Projetos\RagnaProject\Cronus Dev\Cronus Dev\Cronus-Emulator\vcproj-10\mapcache\Debug\mt.command.1.tlog
D:\Projetos\RagnaProject\Cronus Dev\Cronus Dev\Cronus-Emulator\vcproj-10\mapcache\Debug\mt.read.1.tlog
D:\Projetos\RagnaProject\Cronus Dev\Cronus Dev\Cronus-Emulator\vcproj-10\mapcache\Debug\mt.write.1.tlog
D:\Projetos\RagnaProject\Cronus Dev\Cronus Dev\Cronus-Emulator\vcproj-10\mapcache\Debug\rc.command.1.tlog
D:\Projetos\RagnaProject\Cronus Dev\Cronus Dev\Cronus-Emulator\vcproj-10\mapcache\Debug\rc.read.1.tlog
D:\Projetos\RagnaProject\Cronus Dev\Cronus Dev\Cronus-Emulator\vcproj-10\mapcache\Debug\rc.write.1.tlog
D:\Projetos\RagnaProject\Cronus Dev\Cronus Dev\Cronus-Emulator\vcproj-10\mapcache\Debug\showmsg.obj
D:\Projetos\RagnaProject\Cronus Dev\Cronus Dev\Cronus-Emulator\vcproj-10\mapcache\Debug\strlib.obj
D:\Projetos\RagnaProject\Cronus Dev\Cronus Dev\Cronus-Emulator\vcproj-10\mapcache\Debug\utils.obj
D:\Projetos\RagnaProject\Cronus Dev\Cronus Dev\Cronus-Emulator\vcproj-10\mapcache\Debug\vc100.idb
D:\PROJETOS\RAGNAPROJECT\CRONUS DEV\CRONUS DEV\CRONUS-EMULATOR\VCPROJ-10\MAPCACHE\DEBUG\VC100.PDB
