guild EquipeLand-Ro (id=10000) created by master ADM Moranguiinho (id=2000002)
guild JustOwnedFriends (id=10001) created by master x Owned x SinX x3 (id=2000003)
guild JustOwnedFriends (id=10001) occupy castle id=17
guild JustOwnedFriends (id=10001) occupy castle id=15
guild opsmdpasmd (id=10002) created by master sdas (id=2000005)
guild pasmdoasmdas (id=10003) created by master sdasdas (id=2000005)
guild aposndpasinas (id=10004) created by master sodasdnopasindsa (id=2000005)
guild oasbdousabdsa (id=10005) created by master pasondpas (id=2000005)
guild ?? (id=10001) abandon castle id=15
guild ?? (id=10001) abandon castle id=17
guild ?? (id=10001) abandon castle id=15
guild ?? (id=10001) abandon castle id=17
guild JustOwnedFriends (id=10006) created by master x Owned x3 (id=2000003)
guild JustOwnedFriends (id=10006) occupy castle id=17
guild JustOwnedFriends (id=10006) occupy castle id=15
guild ?? (id=10006) abandon castle id=15
guild ?? (id=10006) abandon castle id=17
guild JustOwnedFriends (id=10006) created by master x Owned x Teacher x (id=2000011)
guild JustOwnedFriends (id=10006) broken
guild JustOwnedFriends (id=10007) created by master x Owned x Monk x (id=2000011)
guild EquipeLandRO (id=10008) created by master ADM Moranguiinho (id=2000002)
guild OwnedFriends (id=10009) created by master x Owned x Monk x (id=2000011)
guild Friends4Ever (id=10010) created by master MizoreSinX (id=2000004)
guild OwnedFriends (id=10009) occupy castle id=15
guild Friends4Ever (id=10010) occupy castle id=17
guild OwnedFriends (id=10009) occupy castle id=17
guild Friends4Ever (id=10010) broken
guild FumacentoNickOwna (id=10010) created by master Misuzu x Assasin (id=2000008)
guild FumacentoNickOwna (id=10010) broken
guild PrisonBreak (id=10010) created by master Raphael (id=2000014)
guild Sexy Style (id=10011) created by master l Pedrin Owned l (id=2000040)
guild Lords of Darknes (id=10012) created by master lDoritosl (id=2000042)
guild HardstyleBrasil (id=10013) created by master worq (id=2000034)
guild RockSquad (id=10014) created by master HitsugayaHunter (id=2000014)
guild HardstyleBrasil (id=10013) broken
guild AnikiLatiOns (id=10015) created by master worq (id=2000034)
guild testemblema (id=10016) created by master ADM Moranguiinho (id=2000002)
guild Yakult K3 (id=10017) created by master Lippy (id=2000054)
guild testemblema (id=10016) broken
guild Yakult K3 (id=10017) broken
guild YakulT K3 (id=10018) created by master LippyNhoo (id=2000054)
guild RockSquad (id=10014) broken
